<?xml version="1.0" encoding="UTF-8"?>
<!-- Generated by org.testng.reporters.JUnitReportReporter -->
<testsuite hostname="Nandu-Laptop" failures="0" tests="1" name="practice.test" time="0.010" errors="0" timestamp="2022-06-09T18:07:04 EDT" skipped="0">
  <testcase classname="practice.test" name="streamFilter" time="0.010"/>
  <system-out/>
</testsuite> <!-- practice.test -->
