<?xml version="1.0" encoding="UTF-8"?>
<!-- Generated by org.testng.reporters.JUnitReportReporter -->
<testsuite hostname="Nandu-Laptop" failures="0" tests="1" name="practice.ExtentReportsDemo" time="20.215" errors="0" timestamp="2022-05-02T21:47:12 EDT" skipped="0">
  <testcase classname="practice.ExtentReportsDemo" name="initialdemeo" time="20.215"/>
  <system-out/>
</testsuite> <!-- practice.ExtentReportsDemo -->
